<?xml version="1.0" encoding="UTF-8"?>
<!-- Generated by org.testng.reporters.JUnitReportReporter -->
<testsuite hostname="LAPTOP-RBB9M74B" name="IBMRestAssured.RestAssuredProject.RestAPI" tests="3" failures="0" timestamp="22 Jun 2021 05:53:55 GMT" time="1.947" errors="0">
  <testcase name="tescasedataset" time="0.036" classname="IBMRestAssured.RestAssuredProject.RestAPI"/>
  <testcase name="tescasedataset" time="0.063" classname="IBMRestAssured.RestAssuredProject.RestAPI"/>
  <testcase name="tescasedataset" time="1.848" classname="IBMRestAssured.RestAssuredProject.RestAPI"/>
</testsuite> <!-- IBMRestAssured.RestAssuredProject.RestAPI -->
